  AABB.cpp
  AABB_Tree.cpp
  AI_Chase.cpp
C:\_University\_Dissertation\_code\game_engine_2\AI_Chase.h(7,24): warning C4305: 'initializing': truncation from 'double' to 'float'
C:\_University\_Dissertation\_code\game_engine_2\AI_Chase.h(8,21): warning C4305: 'initializing': truncation from 'double' to 'float'
  GameObject.cpp
  PE_Explosion.cpp
C:\_University\_Dissertation\_code\game_engine_2\PE_Explosion.cpp(5,16): warning C4244: 'initializing': conversion from 'double' to 'float', possible loss of data
C:\_University\_Dissertation\_code\game_engine_2\PE_Explosion.cpp(7,19): warning C4244: 'argument': conversion from 'double' to 'unsigned int', possible loss of data
  Rigid_Body_Physics.cpp
  Main.cpp
C:\_University\_Dissertation\_code\game_engine_2\Mesh.h(13,10): warning C4067: unexpected tokens following preprocessor directive - expected a newline
C:\_University\_Dissertation\_code\game_engine_2\AI_Chase.h(7,24): warning C4305: 'initializing': truncation from 'double' to 'float'
C:\_University\_Dissertation\_code\game_engine_2\AI_Chase.h(8,21): warning C4305: 'initializing': truncation from 'double' to 'float'
C:\_University\_Dissertation\_code\game_engine_2\Main.cpp(14,98): warning C4305: 'argument': truncation from 'double' to 'float'
C:\_University\_Dissertation\_code\game_engine_2\Main.cpp(18,29): warning C4244: '=': conversion from 'double' to 'float', possible loss of data
C:\_University\_Dissertation\_code\game_engine_2\Main.cpp(70,25): warning C4244: '=': conversion from 'double' to 'float', possible loss of data
C:\_University\_Dissertation\_code\game_engine_2\Main.cpp(109,19): warning C4244: 'argument': conversion from 'double' to 'unsigned int', possible loss of data
C:\_University\_Dissertation\_code\game_engine_2\Main.cpp(190,11): warning C4244: '=': conversion from 'double' to 'float', possible loss of data
C:\_University\_Dissertation\_code\game_engine_2\Main.cpp(191,11): warning C4244: '=': conversion from 'double' to 'float', possible loss of data
C:\_University\_Dissertation\_code\game_engine_2\Main.cpp(196,10): warning C4244: '=': conversion from 'double' to 'float', possible loss of data
C:\_University\_Dissertation\_code\game_engine_2\Main.cpp(197,10): warning C4244: '=': conversion from 'double' to 'float', possible loss of data
C:\Program Files (x86)\Microsoft Visual Studio\2019\Community\VC\Tools\MSVC\14.24.28314\include\utility(149,16): warning C4244: 'initializing': conversion from '_Ty' to '_Ty1', possible loss of data
          with
          [
              _Ty=double
          ]
          and
          [
              _Ty1=float
          ]
C:\_University\_Dissertation\_code\game_engine_2\Main.cpp(194): message : see reference to function template instantiation 'std::pair<float,float>::pair<double,double,0>(_Other1 &&,_Other2 &&) noexcept' being compiled
          with
          [
              _Other1=double,
              _Other2=double
          ]
C:\_University\_Dissertation\_code\game_engine_2\Main.cpp(194): message : see reference to function template instantiation 'std::pair<float,float>::pair<double,double,0>(_Other1 &&,_Other2 &&) noexcept' being compiled
          with
          [
              _Other1=double,
              _Other2=double
          ]
C:\Program Files (x86)\Microsoft Visual Studio\2019\Community\VC\Tools\MSVC\14.24.28314\include\utility(149,1): warning C4244: 'initializing': conversion from '_Ty' to '_Ty2', possible loss of data
          with
          [
              _Ty=double
          ]
          and
          [
              _Ty2=float
          ]
  Mesh.cpp
C:\_University\_Dissertation\_code\game_engine_2\Mesh.h(13,10): warning C4067: unexpected tokens following preprocessor directive - expected a newline
C:\_University\_Dissertation\_code\game_engine_2\Mesh.cpp(61,58): warning C4244: 'argument': conversion from 'unsigned int' to 'float', possible loss of data
C:\_University\_Dissertation\_code\game_engine_2\Mesh.cpp(69,65): warning C4267: 'argument': conversion from 'size_t' to 'GLsizei', possible loss of data
  Model.cpp
C:\_University\_Dissertation\_code\game_engine_2\Mesh.h(13,10): warning C4067: unexpected tokens following preprocessor directive - expected a newline
C:\_University\_Dissertation\_code\game_engine_2\packages\Assimp.3.0.0\build\native\include\assimp\quaternion.inl(207,15): warning C4244: '=': conversion from 'double' to 'TReal', possible loss of data
          with
          [
              TReal=float
          ]
C:\_University\_Dissertation\_code\game_engine_2\packages\Assimp.3.0.0\build\native\include\assimp\quaternion.inl(186): message : while compiling class template member function 'void aiQuaterniont<float>::Interpolate(aiQuaterniont<float> &,const aiQuaterniont<float> &,const aiQuaterniont<float> &,TReal)'
          with
          [
              TReal=float
          ]
C:\_University\_Dissertation\_code\game_engine_2\packages\Assimp.3.0.0\build\native\include\assimp\anim.h(435): message : see reference to function template instantiation 'void aiQuaterniont<float>::Interpolate(aiQuaterniont<float> &,const aiQuaterniont<float> &,const aiQuaterniont<float> &,TReal)' being compiled
          with
          [
              TReal=float
          ]
C:\_University\_Dissertation\_code\game_engine_2\packages\Assimp.3.0.0\build\native\include\assimp\anim.h(107): message : see reference to class template instantiation 'aiQuaterniont<float>' being compiled
C:\_University\_Dissertation\_code\game_engine_2\packages\Assimp.3.0.0\build\native\include\assimp\quaternion.inl(208,14): warning C4244: '=': conversion from 'double' to 'TReal', possible loss of data
          with
          [
              TReal=float
          ]
C:\_University\_Dissertation\_code\game_engine_2\packages\Assimp.3.0.0\build\native\include\assimp\quaternion.inl(209,61): warning C4244: '=': conversion from 'double' to 'TReal', possible loss of data
          with
          [
              TReal=float
          ]
C:\_University\_Dissertation\_code\game_engine_2\packages\Assimp.3.0.0\build\native\include\assimp\quaternion.inl(210,33): warning C4244: '=': conversion from 'double' to 'TReal', possible loss of data
          with
          [
              TReal=float
          ]
C:\_University\_Dissertation\_code\game_engine_2\packages\Assimp.3.0.0\build\native\include\assimp\vector3.inl(93,13): warning C4244: 'return': conversion from 'double' to 'TReal', possible loss of data
          with
          [
              TReal=float
          ]
C:\_University\_Dissertation\_code\game_engine_2\packages\Assimp.3.0.0\build\native\include\assimp\vector3.inl(92): message : while compiling class template member function 'TReal aiVector3t<TReal>::Length(void) const'
          with
          [
              TReal=float
          ]
C:\_University\_Dissertation\_code\game_engine_2\packages\Assimp.3.0.0\build\native\include\assimp\vector3.inl(98): message : see reference to function template instantiation 'TReal aiVector3t<TReal>::Length(void) const' being compiled
          with
          [
              TReal=float
          ]
C:\_University\_Dissertation\_code\game_engine_2\packages\Assimp.3.0.0\build\native\include\assimp\vector3.inl(142): message : while compiling class template member function 'bool aiVector3t<float>::operator ==(const aiVector3t<float> &) const'
C:\_University\_Dissertation\_code\game_engine_2\packages\Assimp.3.0.0\build\native\include\assimp\anim.h(82): message : see reference to function template instantiation 'bool aiVector3t<float>::operator ==(const aiVector3t<float> &) const' being compiled
C:\_University\_Dissertation\_code\game_engine_2\packages\Assimp.3.0.0\build\native\include\assimp\types.h(150): message : see reference to class template instantiation 'aiVector3t<float>' being compiled
  Player_Camera.cpp
  Player_Keyboard.cpp
  Render.cpp
  Texture.cpp
  Transform.cpp
  Generating Code...
  glad.c
PE_Explosion.obj : error LNK2019: unresolved external symbol glfwGetTime referenced in function "public: __cdecl PE_Explosion::PE_Explosion(struct glm::vec<3,float,0>,class I_Graphics *,class I_Physics *,struct glm::vec<3,float,0>,float,unsigned int,float)" (??0PE_Explosion@@QEAA@U?$vec@$02M$0A@@glm@@PEAVI_Graphics@@PEAVI_Physics@@0MIM@Z)
Main.obj : error LNK2001: unresolved external symbol glfwGetTime
Main.obj : error LNK2019: unresolved external symbol glfwInit referenced in function "void __cdecl setup(void)" (?setup@@YAXXZ)
Render.obj : error LNK2001: unresolved external symbol glfwInit
Main.obj : error LNK2019: unresolved external symbol glfwTerminate referenced in function "void __cdecl render_scene(void)" (?render_scene@@YAXXZ)
Render.obj : error LNK2001: unresolved external symbol glfwTerminate
Main.obj : error LNK2019: unresolved external symbol glfwWindowHint referenced in function "void __cdecl setup(void)" (?setup@@YAXXZ)
Render.obj : error LNK2001: unresolved external symbol glfwWindowHint
Main.obj : error LNK2019: unresolved external symbol glfwCreateWindow referenced in function "void __cdecl setup(void)" (?setup@@YAXXZ)
Render.obj : error LNK2001: unresolved external symbol glfwCreateWindow
Main.obj : error LNK2019: unresolved external symbol glfwWindowShouldClose referenced in function "void __cdecl render_scene(void)" (?render_scene@@YAXXZ)
Render.obj : error LNK2001: unresolved external symbol glfwWindowShouldClose
Main.obj : error LNK2019: unresolved external symbol glfwSetWindowShouldClose referenced in function "void __cdecl callback_keyboard_input(struct GLFWwindow *,int,int,int,int)" (?callback_keyboard_input@@YAXPEAUGLFWwindow@@HHHH@Z)
Main.obj : error LNK2019: unresolved external symbol glfwSetWindowSizeCallback referenced in function "void __cdecl setup(void)" (?setup@@YAXXZ)
Main.obj : error LNK2019: unresolved external symbol glfwPollEvents referenced in function "void __cdecl render_scene(void)" (?render_scene@@YAXXZ)
Render.obj : error LNK2001: unresolved external symbol glfwPollEvents
Main.obj : error LNK2019: unresolved external symbol glfwSetInputMode referenced in function "void __cdecl setup(void)" (?setup@@YAXXZ)
Render.obj : error LNK2001: unresolved external symbol glfwSetInputMode
Main.obj : error LNK2019: unresolved external symbol glfwSetKeyCallback referenced in function "void __cdecl setup(void)" (?setup@@YAXXZ)
Main.obj : error LNK2019: unresolved external symbol glfwSetMouseButtonCallback referenced in function "void __cdecl setup(void)" (?setup@@YAXXZ)
Main.obj : error LNK2019: unresolved external symbol glfwSetCursorPosCallback referenced in function "void __cdecl setup(void)" (?setup@@YAXXZ)
Main.obj : error LNK2019: unresolved external symbol glfwSetScrollCallback referenced in function "void __cdecl setup(void)" (?setup@@YAXXZ)
Main.obj : error LNK2019: unresolved external symbol glfwMakeContextCurrent referenced in function "void __cdecl setup(void)" (?setup@@YAXXZ)
Render.obj : error LNK2001: unresolved external symbol glfwMakeContextCurrent
Main.obj : error LNK2019: unresolved external symbol glfwSwapBuffers referenced in function "void __cdecl render_scene(void)" (?render_scene@@YAXXZ)
Render.obj : error LNK2001: unresolved external symbol glfwSwapBuffers
Main.obj : error LNK2019: unresolved external symbol glfwSwapInterval referenced in function "void __cdecl setup(void)" (?setup@@YAXXZ)
Render.obj : error LNK2001: unresolved external symbol glfwSwapInterval
Main.obj : error LNK2019: unresolved external symbol glfwGetProcAddress referenced in function "void __cdecl setup(void)" (?setup@@YAXXZ)
Render.obj : error LNK2001: unresolved external symbol glfwGetProcAddress
C:\_University\_Dissertation\_externals\libs\glfw3.lib : warning LNK4272: library machine type 'x86' conflicts with target machine type 'x64'
C:\_University\_Dissertation\_externals\libs\glfw3dll.lib : warning LNK4272: library machine type 'x86' conflicts with target machine type 'x64'
C:\_University\_Dissertation\_code\game_engine_2\x64\Debug\game_engine_2.exe : fatal error LNK1120: 18 unresolved externals
